<?xml version="1.0" encoding="UTF-8"?>
<!-- Generated by org.testng.reporters.JUnitXMLReporter -->
<testsuite ignored="2" hostname="TL0017" failures="2" tests="2" name="Test" time="175.233" errors="0" timestamp="2023-01-18T11:18:24 IST">
  <testcase classname="com.salesforce.testcases.TC001_CreateContact" name="runCreateContact" time="54.369">
    <failure type="java.lang.RuntimeException" message="See the reporter for details.">
      <![CDATA[java.lang.RuntimeException: See the reporter for details.
at com.framework.utils.Reporter.reportStep(Reporter.java:93)
at com.framework.utils.Reporter.reportStep(Reporter.java:108)
at com.framework.selenium.api.base.SeleniumBase.click(SeleniumBase.java:143)
at com.salesforce.pages.LoginPage.clickLogin(LoginPage.java:21)
at com.salesforce.testcases.TC001_CreateContact.runCreateContact(TC001_CreateContact.java:25)
at java.base/java.util.ArrayList.forEach(ArrayList.java:1511)
... Removed 27 stack frames]]>
    </failure>
  </testcase> <!-- runCreateContact -->
  <testcase classname="com.salesforce.testcases.TC002_EditContact" name="runCreateContact" time="93.696">
    <failure type="java.lang.IllegalArgumentException" message="Keys to send should be a not null CharSequence">
      <![CDATA[java.lang.IllegalArgumentException: Keys to send should be a not null CharSequence
at org.openqa.selenium.remote.RemoteWebElement.sendKeys(RemoteWebElement.java:97)
at com.framework.selenium.api.base.SeleniumBase.typeAndEnter(SeleniumBase.java:340)
at com.salesforce.pages.ContactPage.searchContact(ContactPage.java:22)
at com.salesforce.testcases.TC002_EditContact.runCreateContact(TC002_EditContact.java:31)
at java.base/java.util.ArrayList.forEach(ArrayList.java:1511)
... Removed 27 stack frames]]>
    </failure>
  </testcase> <!-- runCreateContact -->
  <testcase classname="com.framework.utils.Reporter" name="@AfterSuite endResult" time="0.0">
    <ignored/>
  </testcase> <!-- @AfterSuite endResult -->
  <testcase classname="com.framework.utils.Reporter" name="@BeforeSuite startReport" time="0.0">
    <ignored/>
  </testcase> <!-- @BeforeSuite startReport -->
</testsuite> <!-- Test -->
